<?xml version="1.0" encoding="UTF-8"?>
<!-- Generated by org.testng.reporters.JUnitXMLReporter -->
<testsuite ignored="0" hostname="LAPTOP-KFVL9Q09" failures="1" tests="2" name="Test" time="9.27" errors="0" timestamp="2025-07-25T11:34:21 IST">
  <testcase classname="script.RetailStoreTest" name="verifyRetailStorePageLoads" time="2.423"/>
  <testcase classname="script.RetailResortWearBookTest" name="verifyRetailResortWearBook" time="2.763">
    <failure type="java.lang.AssertionError" message="Forcing failure for demo expected [true] but found [false]">
      <![CDATA[java.lang.AssertionError: Forcing failure for demo expected [true] but found [false]
at script.RetailResortWearBookTest.verifyRetailResortWearBook(RetailResortWearBookTest.java:39)
at java.base/java.util.ArrayList.forEach(ArrayList.java:1511)
... Removed 30 stack frames]]>
    </failure>
  </testcase> <!-- verifyRetailResortWearBook -->
</testsuite> <!-- Test -->
