<?xml version="1.0" encoding="UTF-8"?>
<testng-results ignored="0" total="2" passed="2" failed="0" skipped="0">
  <reporter-output>
  </reporter-output>
  <suite started-at="2025-07-24T22:44:21 IST" name="Suite" finished-at="2025-07-24T22:44:30 IST" duration-ms="9179">
    <groups>
    </groups>
    <test started-at="2025-07-24T22:44:21 IST" name="Test" finished-at="2025-07-24T22:44:30 IST" duration-ms="9179">
      <class name="script.RetailResortWearBookTest">
        <test-method is-config="true" signature="setup(java.lang.String)[pri:0, instance:script.RetailResortWearBookTest@7f0d96f2]" started-at="2025-07-24T22:44:26 IST" name="setup" finished-at="2025-07-24T22:44:27 IST" duration-ms="1016" status="PASS">
          <params>
            <param index="0">
              <value>
                <![CDATA[chrome]]>
              </value>
            </param>
          </params>
          <reporter-output>
          </reporter-output>
        </test-method> <!-- setup -->
        <test-method signature="verifyRetailResortWearBook()[pri:0, instance:script.RetailResortWearBookTest@7f0d96f2]" started-at="2025-07-24T22:44:27 IST" name="verifyRetailResortWearBook" finished-at="2025-07-24T22:44:30 IST" duration-ms="2647" status="PASS">
          <reporter-output>
          </reporter-output>
        </test-method> <!-- verifyRetailResortWearBook -->
        <test-method is-config="true" signature="tearDown()[pri:0, instance:script.RetailResortWearBookTest@7f0d96f2]" started-at="2025-07-24T22:44:30 IST" name="tearDown" finished-at="2025-07-24T22:44:30 IST" duration-ms="426" status="PASS">
          <reporter-output>
          </reporter-output>
        </test-method> <!-- tearDown -->
      </class> <!-- script.RetailResortWearBookTest -->
      <class name="script.RetailStoreTest">
        <test-method is-config="true" signature="setup(java.lang.String)[pri:0, instance:script.RetailStoreTest@2c07545f]" started-at="2025-07-24T22:44:21 IST" name="setup" finished-at="2025-07-24T22:44:23 IST" duration-ms="1779" status="PASS">
          <params>
            <param index="0">
              <value>
                <![CDATA[chrome]]>
              </value>
            </param>
          </params>
          <reporter-output>
          </reporter-output>
        </test-method> <!-- setup -->
        <test-method signature="verifyRetailStorePageLoads()[pri:0, instance:script.RetailStoreTest@2c07545f]" started-at="2025-07-24T22:44:23 IST" name="verifyRetailStorePageLoads" finished-at="2025-07-24T22:44:26 IST" duration-ms="2790" status="PASS">
          <reporter-output>
          </reporter-output>
        </test-method> <!-- verifyRetailStorePageLoads -->
        <test-method is-config="true" signature="tearDown()[pri:0, instance:script.RetailStoreTest@2c07545f]" started-at="2025-07-24T22:44:26 IST" name="tearDown" finished-at="2025-07-24T22:44:26 IST" duration-ms="421" status="PASS">
          <reporter-output>
          </reporter-output>
        </test-method> <!-- tearDown -->
      </class> <!-- script.RetailStoreTest -->
    </test> <!-- Test -->
  </suite> <!-- Suite -->
</testng-results>
